urban tuition oval tape elegant imitate trumpet prison post void steel second melody before lady plastic hub rival mule cake gauge lemon medal able poverty
pepper travel alter file comfort aware deny soup cancel inhale suspect super turkey canal already cancel adapt birth jaguar zoo find mad crazy abandon sleep
switch cliff people rain moon chimney upper million east rigid girl behave valid glide have crime woman mule sort fuel kiwi toe wrist abstract abandon
wrong property swift aerobic theme gospel pig argue chalk lemon style female ask thumb snake pudding retreat vapor point banner weasel fee canal ability pyramid
occur include plastic identify make census marble other chase entry region eyebrow high general deliver opinion century stage regret quote minimum room fee absorb topple
sustain margin candy close aware aerobic goddess grain remove edit lemon charge alter calm famous cream season giant chapter trap love change grief absent buffalo
ancient panic dignity present flash grape tribe diet short ivory van surprise next fine gas tragic mom puzzle hotel taxi ritual echo poverty able express
creek planet dust swap copper scout cram slush vibrant erosion shell burger crawl olympic pitch shiver lock vague damage can mansion face life absent hawk
stadium exercise gain edit asset swift doll caution limb trumpet case spare brief flip dry frown swap salmon dizzy orphan only property clog able worth
destroy can castle gospel timber target taste entire weasel monitor kiwi arena grant debate swallow diesel canyon fan kangaroo nasty dry fall vintage absent happy
green lawn treat clean learn stock visual social either follow side level erode false flag captain skill sense exclude seven impulse uncle unlock absorb snack
sketch child misery approve choose adjust street corn fan pulp during nasty annual device blush sadness party define birth crush anxiety bus soldier about shock
oppose clean member device hazard carry pigeon brother proof control artefact found rich produce project current game list salad method buddy true neglect absorb amateur
flat fly token enhance awake rain grape cancel draw badge net lazy attract hammer tiger subject pear arch topple idle hood oppose deal able noodle
salad blind lady web street success debris latin pulse rifle review fame timber renew fresh flee dynamic hotel include science impact practice kidney abandon left
capital shed issue loud primary cash kingdom express carry story impose episode purity unfold lunar trend excess virus degree train ridge frown mix absorb noise
volcano side merit deny more gaze upon invest access blouse maid ethics decide payment photo satoshi audit tumble fiber menu noble focus gesture able history
truck arch daughter glory tilt inner unusual region baby reason equal grass maid test candy faculty want nephew exchange broom buffalo boost super about vintage
peace capable east zero load motor panther fiber lunar ripple behave peace rebel explain shaft skirt ready skirt nurse pull deposit ethics cube abandon corn
income century scrap potato virtual marble business fox near run flip rebuild explain tell whale broccoli extend erupt tortoise chuckle blast debris donkey about number
phone shove combine possible length abstract security glove salute turtle draft enable execute blossom hockey tray future add radio smooth orchard lab web abandon manual
sustain settle spawn sad glass force into female own express uphold balcony cheap web rather often bus defy turn portion relax dash govern above license
inherit stable say glow cushion inflict deer lecture fire tide kingdom broom monitor huge gate hand steel parent coil dutch same machine sniff about stomach
claim age anxiety until perfect pioneer honey update echo soap decrease detail collect chair scrap reunion black select banana situate gasp december squirrel abandon catalog
teach priority way vault network prison token other question ceiling inside game cram sort chaos proof target sign people today whip local couple abstract feature
horse faculty forum harsh teach rebuild maid correct hold ribbon exit cry seven fine drama work become knee champion hover trade else lottery ability since
tag menu pill kit debris satoshi safe arm hand barrel skirt path please bundle eye whisper group venture civil legal tooth box kite absent loyal
outdoor detail margin scheme claw bomb amused dwarf speak couple fine fire kind exchange load prosper chaos target salon coffee unfair select truck abandon poem
civil sick fringe change kick hood chat rain human cinnamon mule movie flock rhythm arrive face same two elder address patrol mistake ship able palace
artist fat loyal card catch fit eternal visual evidence atom differ unusual afford sleep wagon behind belt antique culture deny tunnel clown grass about camp
talent vibrant start rail laundry drift faculty antique cart capital amateur protect deposit choice ignore head humble best pact avoid elegant claim muscle abandon exercise
sign pencil proof entire bicycle muffin enhance escape text charge tone honey dad expose rude runway avocado manage mandate arctic often fence balcony absent sorry
pull grunt purse fork rebuild trap high lift cliff country dinosaur build quantum obey rate airport clean neither same innocent sand please tide about blame
cloth distance pigeon lonely hammer finish index tribe oblige notice caution profit universe book purity fortune raccoon meadow vapor mean never bottom outside ability debate
shoulder capital asset mention shell truth march fat zebra liquid rigid boss magnet hover speed tape tired science retreat cargo thought depart dove about shoe
family whisper ivory elegant fat crouch stable vacuum miracle sure fitness eagle demise estate actor certain bring summer scorpion doctor march festival organ absorb pause
faint night mixture grunt record strong primary admit shed update wolf girl cargo leg buzz short cinnamon menu young come unaware border witness abstract second
gown skate digital satisfy mistake thought group truth habit orchard burden wash because case wonder despair peasant wealth clog moon place raccoon fold about fortune
soup morning question ski try crack degree van team flower extend fork keep asthma erase enhance orchard toast parade motion box weather plastic above genius
report erosion indoor lumber urge evidence icon melody finish slide logic multiply fork husband clerk toilet top entire match outdoor distance civil hood about ensure
salt neither opinion raccoon vanish base gather beyond kangaroo trophy topic often seminar divert blur color insane actual portion custom ankle chimney cactus ability tomorrow
miracle exit canal bronze material beauty pool minor skull smart enable divorce already excuse clutch half talent horse setup chase fan rookie silver absorb swift
punch weekend umbrella race weather scrap bounce suit exhaust business game pluck drill noble ketchup then buzz atom mimic brick actor avoid false ability sibling
pupil drift improve alarm oppose solar leg pink soldier pill sleep flush iron bomb like project oak awake dignity dynamic danger list honey ability model
adapt style cook pen question ranch inner truck ready list safe brown exit enact gorilla galaxy sister sudden pony isolate snow ill stairs abandon hello
sponsor habit oval picnic also shadow song promote brown raw volcano consider cause timber ramp recipe cotton slim dinner recipe blanket elite advance abstract damage
giggle valley must vehicle panic liquid gloom suspect yellow foam peanut result wage tilt brave vanish lottery run life enforce post guess life able glide
erode section digital warrior ancient diagram become couple tomato act tuna valve stand provide language birth safe garden wrap trim rubber limb fork absent family
decide noise foot rally bread alone annual illegal lab lunch shed album team soup open universe erode public agent royal orange plug hundred abandon enrich
sock amazing canvas federal forward bleak tortoise myself address try imitate lemon bring cat detail motor mask robust excess snow kite confirm garbage about glove
life tone fortune agent virus bone soldier gate denial silent bulb stay salad acquire diamond tackle stairs state average jazz wheat surface van absent lumber
use mushroom cake slogan alcohol angle fluid bridge apple lens clutch return select awake bench manual father battle start near letter wire anchor abstract review
tree private domain sentence they gravity stage tonight bright diary raw chunk language episode february pigeon equip fault luxury design love enable review about cheese
lawn radio ocean exit uncle tribe math toss security melody affair treat twelve wrestle gold script nerve innocent luggage canyon program announce weapon absorb kind
ecology utility gaze arrow planet nurse subway slow evil dolphin twice current shrug tuition earth leisure equip manual engine present often vicious orient ability bamboo
arctic syrup attitude lady check umbrella eight earn plate medal female roast long proud rebel theory steak ask brush risk air strike spot abandon roast
vivid crew can trick sunny educate uphold lonely fantasy sort mountain inherit capable tissue rib few wait cross answer popular giggle another gas abandon model
female guitar offer another mistake kind equal love joke episode recipe person lock suffer pride film grab ride elder dove opinion manage blood abstract rescue
else tongue early magic away search heavy sound submit buddy fossil nation once boring mystery brisk diamond screen winter uniform destroy helmet pioneer ability cage
debris era life casino regret canoe business exit cabbage hero purse rare harsh grid welcome depend elbow cycle orbit double hello element pull above place
dish saddle click behave lady vanish nature theme practice soup animal bitter perfect route fade army interest you flag decline dirt unknown enemy above forum
impact fix thumb course tape finger shiver cabbage cushion common coral scheme soup evoke vanish wise bounce naive way fog arena weasel metal about forest
fringe allow voice advance scissors shield ozone refuse cram rib inflict achieve uncover grit help nest mobile critic armor design deal aisle boil ability mobile
fresh december decline rifle insane black next rotate visa depth increase warm arrest speed dove whisper stumble vocal penalty milk reveal upgrade pudding above cousin
dizzy can oblige nation slice blue rule gun path route tenant alter acid rug brave eyebrow paper desk duty peanut because simple science ability tower
draw link zero unusual inside jacket repair dream rug cook trend release know situate galaxy stomach client squirrel scheme busy stove dwarf arctic absorb sister
alcohol winter labor foam viable lava bleak riot invite regret tomorrow lamp unfair area scan draft sword regular margin slow eagle recycle noble absent damp
music salmon rug cigar dash sorry hat feature clutch vague collect glow bar monkey believe can mansion forest accuse custom curious recall melt about evil
object jazz garment model camera spider cool glue evil loan deliver acid stove piano hurdle provide submit practice oblige island ethics day cup about cousin
dose include sea term chronic layer avocado place unknown soccer element until input acid kidney click indicate sting eye stay bridge size umbrella about grunt
tissue bright wage earn anchor few celery secret behave flush cargo stem entire apology habit place toilet lemon install later truly lunch document about crack
oppose unhappy enjoy march meat palm absent setup sadness margin ability home master true fruit accuse private laptop crunch wash walnut august outside able very
share nut any chaos figure artefact journey suffer cruel diamond abstract fuel expand material pulp uncover notable wrist replace puzzle despair error youth abandon fit
shallow smile mango tent faith digital alpha legend bar crucial violin popular must tell live ostrich session news match arm giraffe void warrior absorb tilt
hover essay ancient announce debris gaze stomach lizard pizza furnace cute chaos drift scare cry rail stool invite fashion move hotel crawl empty able galaxy
way enjoy wolf banner lawn amateur clean lava confirm until dolphin size among lunar valve tragic curve relief earth exist retreat digital boring about bone
enter blouse embody stool exist diesel season group silver bitter fault space there boy cave ill gloom sheriff flock melody suspect fire border absorb mass
volume try inspire medal disorder marriage solve decorate worth movie edge beauty cute jewel change blast alcohol setup arrive lumber rain winner upon abstract voyage
board mail truly puppy author essay alter core stereo morning drum color either gauge borrow east tooth paddle space dilemma device card dilemma able option
saddle agree state another switch ability kind predict hunt age arena upset play pole shift shoot various alley either release echo since search able decide
bracket keen parade embrace smooth book capital silk weekend sail must tragic indoor climb napkin shrimp announce hill crucial again panther shrimp patient absorb ethics
harsh bone furnace east cancel interest move noodle whisper volume civil drip grant genre chaos corn time certain brown gauge element treat leisure abstract lemon
lemon tooth cage group exit drama heart capital outer mesh idea session erupt beyond client pass goddess marble provide fiscal hybrid network sport ability reduce
disease cinnamon spin illness north blade convince possible level alter since great bulk rug ahead utility champion promote lemon tennis unfair embrace shell abstract hand
gym melt shield excuse other false impulse inform blade split fatigue together raise follow nest rude fish naive daughter print rally mass limit absent snack
chair used settle kangaroo wasp certain another error unable treat pattern nothing forum ivory keen coral april patrol magic fit room setup rare abstract wild
arm bronze alien wrap goat bamboo gesture roof page warrior leisure gather cereal head cotton busy make aerobic tell soap parrot horn solid abstract chuckle
rigid skull peace opera battle lend shrug trim detect online autumn hard scatter dial taxi rough around affair rabbit bonus bike penalty movie about rubber
local foot unhappy silver soon sport sight victory fiscal runway include edit sell trial mom beauty few spice eight shallow blood hat orient about focus
october setup noodle regular robust dignity dolphin employ lab liar equal broccoli absurd oppose focus garment bless furnace follow piano void empower all abandon goat
fringe twenty chimney ridge wagon tortoise harsh steak stamp blush clever cherry stairs flag space drop song hold disease gesture window bright talent able giant
estate scare oblige patient economy brisk mixed bus shift silent later outside cherry chef second ecology strike spy monster gate polar leisure welcome absorb short
dad river rally company ethics amazing price label client popular blood rifle favorite era young dove bunker sentence swap frequent flavor hill axis above check
onion humor enrich ask dune promote brother evoke cube unique slush blossom six donkey logic inform black lab dove ice amused scrub make above there
toddler crush across crazy ketchup actor kid same moral anchor rival music genre panther track cool emotion clay unit risk clinic fetch abstract abandon smooth
chat success friend away fashion strong unusual beef among clip jealous then renew card crisp prize foil inspire tank dust brother tourist clarify about grape
ring country kind total nut regret twist sun someone evoke calm eight deputy appear drama juice enter female brain prison renew citizen wrong absent blind
acquire job jungle salmon tortoise recall embark skirt easily permit roof behind peasant ancient uniform hockey nephew clean fun panel salute enact army abstract sudden
online street peanut couple feed sibling debate shield sell broken breeze radar odor oak siren document crane add sketch high coil august winner able combine
devote present glove sock enough special recall fall mushroom evolve grass onion capital track such impact sadness pole arctic vibrant asset canyon transfer about swallow
ticket spice shove theory good few virtual crime merit there crawl flock royal hockey hammer act drum witness witness live neutral grief switch about keen
connect arm scan leave menu impact wasp output cattle other essence name curve acquire frown list bridge lesson ready wrist forest dance elite ability will
manual mind seat potato electric equal bicycle disorder crystal turkey combine skin trade way oil express soda awake cluster evil fork pluck image abandon found
cereal artwork gauge true swear element ill soda noble fix bargain wear filter scale sure hover silk canyon blind diary hair you rug about blame
stay general wisdom owner wonder spy cereal green swamp vintage genre decorate glory earth earth palm cart fork torch stick sunset sadness speed abstract sunset
install million panda ordinary regret excuse song stomach cousin mom theme cake earth valid enemy hammer run float april banana reopen load snake able merit
actual betray all arctic stumble model goddess ask income weekend basket toward paper must trick life ten crew regret label advance armor doll absent tilt
like hair luxury runway game repeat oxygen sing ski advice forward panther verb tilt piece wheel arrive imitate exit chalk survey before street about truly
else swear exit pulp seek alley grass lawsuit phrase kangaroo spice license another model palm pilot naive little memory palace immense loyal punch about arena
leave announce ripple cereal stamp renew favorite always casual high cement bird globe decade midnight figure mad hybrid bird end dry arch shiver absorb pole
flock inside frequent riot iron ancient order place monster village grass keep sausage tobacco sphere lion goddess vessel inquiry purchase twist sketch filter abstract table
thing great shoe ski warm crumble wash sting cable ceiling room kiwi bless solution prosper change outer math certain sick fossil hurt ring above dress
divorce october absurd spray color basket hood sibling change toddler under pattern supreme embark beef sock bar scatter meat faith friend excite region absent faith
finish mix major riot season ceiling scare raccoon collect brisk myth because amateur payment ethics joy object night weekend jazz seminar rely camera about position
crime sight desert aerobic fruit only oven catalog odor swap excite cruise ski opinion elite body walk dawn valley movie adult since achieve able entry
coast team cook trumpet ankle cheese force grape collect phrase charge educate improve relax journey athlete wonder defy forum discover cereal consider roof able path
found income leisure stamp ribbon upset lunch system vicious property episode surround crew wise one wisdom fork accuse roof grocery bunker cave nurse above online
tuna hurt cook service note permit expand play kiss attack fancy put topple lock depend solid mouse space travel tent lottery radar certain about finger
sense baby luggage orange butter able icon voyage around puppy surge normal fantasy capable chapter patient donate hub field ticket buffalo rocket arm about august
square sphere accident trophy car scatter comic captain century achieve salmon wise hat frown thunder suffer sting tower middle panther business travel school absorb client
uniform flush note surface blossom hurt lonely surprise humble session mango vessel garage leader joy giggle light impact skull copy solution someone divorce abstract remind
lawsuit ring magnet ghost bus essence ginger color powder mutual easy regret night despair oyster sword length autumn upon fuel owner control hospital abandon eyebrow
tissue search pear fabric turn boy shaft butter fabric wrestle siren flag inject okay modify angry upset snow valve whisper hidden inject check above capable
nasty response trumpet egg uniform color exhibit useless vapor fly sample word wrong boy emerge palace embrace proud rely lens expect opinion fun abandon pitch
practice shadow panic solid network deal camera bless heart truck illness humble spider maid inch disagree snack easily blood adjust satisfy crack mountain able badge
elephant bacon canal daring what sense goat panda seat width truck dose reduce camp tube march inner scheme memory hurdle object item educate above seat
enlist palace place useful curtain toward wife reveal goose display asthma grocery crash print best spin quantum sudden immune idle box agree intact ability wheel
round album nice window cross uniform glare lizard guard gallery cloud ball field shed brand guess toss tank acoustic trap middle debris yellow ability slender
blush lecture flip pool predict river myself thing nation fatal lawn behind neutral castle cousin recipe blur put obtain tilt elite offer gadget abandon gun
fury canvas pitch ozone timber connect trim heart twice window visual proud season sword plastic annual during judge beef better wing tree bless abandon warfare
attitude fetch way race design naive clerk escape bullet false file attitude aspect weird undo fame hint angry digital story fancy swallow private absorb excuse
column stock leisure enroll regret advance planet pill blur oppose pelican brand tired ceiling above snake atom canoe balance prepare cement bracket core about dilemma
paddle junk job grunt where produce energy sweet series extra hurry speed among unaware kind limit cram safe dirt romance obey burden live absent man
element riot coffee misery hen snack vendor invest milk useful error click shine dignity weekend junk teach omit curious orphan pause note stay absorb december
stock blue letter remind cliff barrel force find blade degree elegant horse shaft bunker include breeze artefact gold december abuse series total spot abstract myself
uncle inch pond motor edit swarm fence chunk glance robot dentist toast boss wear spot between melt friend cloth floor faculty steel submit able summer
region autumn extra half blame twin aisle napkin cancel planet zero absent whip scissors desert dizzy cube oppose tonight energy together oven eight above warm
cruise army cart receive blind marriage doctor term reject combine leopard goddess assume endless almost general phrase jacket truck outside ostrich venue shrug able alpha
concert bamboo analyst inspire draw erupt grain shine tag tobacco say okay innocent discover crisp concert boat congress sniff route model actress spy absent drop
team large vicious puzzle bright mother obey cube group minor salute unlock phone gallery domain fatal canal pole trick clarify pact noodle ready above goose
still range hover lava suffer floor dream copy moral noise visa click erode shadow famous secret genre indicate audit height celery rifle stool above scene
ranch market lumber humor size hundred liquid paddle pipe all canvas unit bunker glue peace drum physical oak trumpet radio owner vault easily about tape
popular little blast fan myself artist amateur must raise dumb stadium recycle extra bind cake mutual mansion destroy welcome tragic nest obscure bid abstract income
have wine palm furnace waste equal maple elder buzz wood abuse dream toe wave deputy major crack divide wet ancient minimum oppose already absent bid
cancel anxiety spread century often harsh match ridge often imitate noble sunny body high mixed pond enlist hockey tooth document doll input gasp above again
plunge quote drink ecology era praise enough tilt business amazing ankle bounce feel flip muscle alcohol fiscal turtle model decrease erase impact aunt ability sense
power air trick find fringe gravity govern slush maid hat rural case sadness torch identify garlic you capital museum car glory grant canyon abandon yellow
lyrics fork dynamic hint spend length system century remove mechanic index canoe inner net solid credit fit maximum license parent fortune plug much about also
rival mask crane hen base letter before dinosaur outdoor cupboard phone imitate label blush mask island armed can fresh anger funny north magnet about shift
