attend rib leopard forum offer breeze timber plate pelican text earn scene chimney boy joke shrug great fatigue cradle tone alley below sheriff abandon toilet
elbow doctor perfect rapid avoid angry silly crunch walnut success stomach strike certain victory item else birth unique candy false six speed fatal above often
amateur surge exhaust decide office able amateur axis lunar chuckle engine kingdom dismiss poem echo theme spoon weekend advance cattle deer forward humble above silly
cube give tribe olive middle bargain possible student subject clock donor fluid subject select open slab spoon invite tilt device zebra cattle milk abandon upon
hurt ready use imitate humble resemble flush bargain twin swarm pistol trick admit shed mosquito mind age cute trophy weasel disagree hobby empty above always
pioneer bless sorry convince alarm harvest sing people width window choice fossil surge add swim throw wall educate suspect leader box ten medal absent trigger
piece repair orient stem lecture wall climb today stock mutual maximum swear video chicken mix tonight liquid knife story entry fit barrel sword absent about
column riot issue sunset tortoise horror tourist approve piano arrive super rice benefit coconut identify resemble rally dolphin more exit goose select garment absorb method
abstract mail board scissors box elder candy cigar lumber certain scout palace glue front logic kit marine unfold apple cabin puzzle minimum easily above melody
invite field sustain salad sausage dragon amused student pen layer cluster february true custom catch strike volcano casino slice film derive leader weekend above leg
wait intact offer office thunder jacket metal initial disorder loyal grow swarm advance picnic tank crew clog boat pretty border monkey stamp bitter absorb town
girl team burger box ribbon tape loyal marriage pluck happy cactus foster useful orange patrol found green bone venue roof rely hen sail absorb indicate
will embody night decline jaguar expose media round minimum predict snap real silk float daughter image spin key spider curtain second drop vapor ability parent
basket enforce bless item cinnamon sense evidence sight accuse broom maze cup scale vague taxi riot bone lounge cat crunch risk swallow title able love
oil used icon beauty mixture marble sun cram pepper hamster hair public sorry royal umbrella gas same wage female lonely inner erode street about lecture
acoustic symptom upon sustain peace party runway achieve raven hope allow false garbage gather venue fan seminar sign month bonus position size identify absorb delay
beach leg pioneer wet allow chef position link exit saddle wine memory best penalty age arrow kangaroo grace pull scale burden injury match abandon nurse
parent tackle rubber old page trip demise awful dish nest salmon demise reject use lake subway spike work wage allow odor actor denial absent misery
program hammer process coyote elegant dance kind van armed can record taxi museum alter someone mobile unaware desk rug shy august stairs unit absorb leader
axis citizen quantum race deputy cargo cook thrive cable mixture warm choice equal fruit eternal business piece run senior result web narrow erosion about because
