The user logins into account G3MPLQYSQD4ZH54Z7MHT7SPNNFJZOXSVBNXROHJJA7LAAKUVQBMTCLIX2A
The advertiser logins into account U2VHSZL3LNGATL3IBCXFCPBTYSXYZBW2J4OGMPLTA4NA2CB4PR7AW7C77E
Waiting for confirmation...
Transaction PUDWUYQBD4EQU54NTG6X3MBUCW24AWDGP5L6XOVCQV5TK2XDF7PA confirmed in round 12091941.
Created Head app:13989902
Waiting for confirmation...
Transaction TWIHMOCT63TGT27AZZX77JPXPKRDXTXPWOLZIQSDMKEDXPC6A7YA confirmed in round 12091943.
Created End app:13989903
The advertiser logins into account GHU35AYFS2ALTYWBM66PCZBIYHJU3I6BTNXTDYZKOLYX2CNVWK2SDP73FY
Money transferring transaction JFSSJAER4UFGJ5LLOCZK5PDP43ASRPXNKS54NFBXSM2YYTF6K75Q confirmed in round 12091945.
Waiting for confirmation...
Transaction ZL7BYBAUX3ZJHHQAEMWBQWDMW24355XA6GAMW5325HS6BOKKOUDA confirmed in round 12091947.
Created new app: 13989906
Waiting for confirmation...
Transaction MN3EOFM3L7LIVTY5UF5QXJKWAXRCWVS43E47XPMVYPPMYSGHKZNA confirmed in round 12091949.
Write head app id of category Category1 to app: 13989902
Waiting for confirmation...
Transaction EQWWQ76DEWYCYEVVK34OPW2WJU7AOECPUN443MROR2XDUTB5CXGQ confirmed in round 12091951.
Write end app id of category Category1 to app: 13989903
Waiting for confirmation...
Transaction NBOKHNYYESKVM5TLOTXO72QC7U36AGFFYJUB2UT7QZ6ZAC7SR65A confirmed in round 12091953.
Created new app: 13989910
Waiting for confirmation...
Transaction VI72TWSI42W6NVCM7AEUWVFU4PEKY3VLKC4Y247GLM7ZTLZCYELA confirmed in round 12091955.
Write head app id of category Category2 to app: 13989902
Waiting for confirmation...
Transaction JD7VWQXESXLU7SAGHM5JUKKMWOIGTK6U5O4RBJI2CHXDRETX5QXA confirmed in round 12091957.
Write end app id of category Category2 to app: 13989903
Waiting for confirmation...
Transaction MYZPX7IHCU2QMUZKM3QDKTTUCB4TTRQOQZ6AGN3NAO52QZOPDFYA confirmed in round 12091959.
Created new app: 13989915
Waiting for confirmation...
Transaction UPLGCSMQSZCQ4ZT5K2AZNUSKQ4HDURAKEC3DUJFGFYMBYYKZOVCQ confirmed in round 12091961.
Write head app id of category Category3 to app: 13989902
Waiting for confirmation...
Transaction WI72GPJA2UFQMWULN3SWLAOF635PKQHMOSOMI3HX5HRMRQTFA5XQ confirmed in round 12091963.
Write end app id of category Category3 to app: 13989903
Waiting for confirmation...
Transaction L4F4CRCF3BXSKOSJXAZTDLO253I7ZKSC7CC7J3T7GWXAAATUFLSQ confirmed in round 12091965.
Created new app: 13989919
Waiting for confirmation...
Transaction NOPJGPJ65Z65WH37Q2PVG6USEFUFUGDO3ZUQ2ZOEUUZ26VJNBLDA confirmed in round 12091967.
Write head app id of category Category4 to app: 13989902
Waiting for confirmation...
Transaction 2EKDTPPOKRLK4AP7OSN7VAJHLJ57MRES6JPJMRMVVSJSGYI5TA5A confirmed in round 12091969.
Write end app id of category Category4 to app: 13989903
Waiting for confirmation...
Transaction I25OVBKAWBVUQ6IDBNZS4MNM7OZJI35COAKQC34CVIF6CDD77D6A confirmed in round 12091971.
Created new app: 13989922
Waiting for confirmation...
Transaction LZ4WZDTVBI5ML4N4F2UZ3P4ZCF3B4VZXLM5CLTUNZBIGDFSKSJRQ confirmed in round 12091973.
Write head app id of category Category5 to app: 13989902
Waiting for confirmation...
Transaction KTBLK6NS53ZB7666H7S5KR7S2DJG2ICLWI4CT75LWWHDVDRBU7RQ confirmed in round 12091975.
Write end app id of category Category5 to app: 13989903
Waiting for confirmation...
Transaction WRO5LMTIKXGLKRNTGVEFZA65URLAWV6TCIOY4NPELS2QWWGPJHNQ confirmed in round 12091977.
Created new app: 13989927
Waiting for confirmation...
Transaction SKS7R2BHNFPS5NFBLTONZSGBS4VVF4S7S62E7564GK54LZ7NNPEQ confirmed in round 12091979.
Write head app id of category Category6 to app: 13989902
Waiting for confirmation...
Transaction W23QX4YCDXIY4DY6L2PT5DQPBJMFINRSF22GOAKUHVECWZPARGBA confirmed in round 12091981.
Write end app id of category Category6 to app: 13989903
Waiting for confirmation...
Transaction CAUCUUJGSUBL2OONLHWGCAKJ72IJT4SOXO2LGFHKVIRSHN45ZJ7A confirmed in round 12091983.
Created new app: 13989931
Waiting for confirmation...
Transaction CGR62N4CPKEG6A7SZESKJPCTWID3KTE4NKZTVIWHC7MAFT4DPPCA confirmed in round 12091985.
Write head app id of category Category7 to app: 13989902
Waiting for confirmation...
Transaction TJWEXZOKEXS5H6JK2JBGG2NXJPMNCYOLBNYDMUFBLI7XKURBHJFQ confirmed in round 12091987.
Write end app id of category Category7 to app: 13989903
Waiting for confirmation...
Transaction IFEQNVQY2BMURMSQNCPQEUYUVSW2MSORFYQ2GYJU2V5YKSVCQ3UA confirmed in round 12091989.
Created new app: 13989935
Waiting for confirmation...
Transaction 47ZVA4CLBKACMYFFPW4Q4IUGPJZ2MR52L6BP7SNMP7F7LGFHMSTQ confirmed in round 12091991.
Write head app id of category Category8 to app: 13989902
Waiting for confirmation...
Transaction 5YYPHAIG3ZZWD3OK6GKTQXMXUXWYMZQNBMSLLT2PXJDW3FJ6TT7Q confirmed in round 12091993.
Write end app id of category Category8 to app: 13989903
Waiting for confirmation...
Transaction KPTAGLYI3XP25XSIPPOFQGGZI5ISYKZAWCW2PYJZ3RBN4CTN5M5A confirmed in round 12091995.
Created new app: 13989939
Waiting for confirmation...
Transaction TOSMGAJLOPNQNR5L5ZRLG5S4ZPV4MRC34XFQY4NDI7MHAKYYLHTQ confirmed in round 12091997.
Write head app id of category Category9 to app: 13989902
Waiting for confirmation...
Transaction SW6MJTOQ2BGOYB362CCJI3NLLWBOX3U2NHJYHHWWS5GYGS33NSXQ confirmed in round 12091999.
Write end app id of category Category9 to app: 13989903
Waiting for confirmation...
Transaction LT4K6LQIDDK7KGBGK2RXHNDRRIDG7SWFXZATRDNAFCQY2XP5IMTA confirmed in round 12092001.
Created new app: 13989943
Waiting for confirmation...
Transaction 5Y2PTXIKQB4K3N2JCP3L6GO7D45DSGCWJG6TR4BFNHJTFIK7N26Q confirmed in round 12092003.
Write head app id of category Category10 to app: 13989902
Waiting for confirmation...
Transaction K2OHABGQNOVZGMVPJHBMRYR6K2IJEPOCIBQFO7BITUDALE4SPBPA confirmed in round 12092005.
Write end app id of category Category10 to app: 13989903
The advertiser logins into account UHPHK7WO4BIS3BJSL3UMSZO4TXJUOXV7C6N5KJ44VLNRZKYPIJ3VMH7A7I
Money transferring transaction L4TZWL727FBXEDKRMVTCAUIKS5UBRBK2LVV3G2PHZUPINW6IWV4A confirmed in round 12092007.
Waiting for confirmation...
Transaction JEKUBF42W5PYMWBSN3ITOQUTRELKEZE6ATLCEM7G3LJB74WWWSCQ confirmed in round 12092009.
Created new app: 13989948
Waiting for confirmation...
Transaction 5A2WX246FR2CTHLPGGFP5DOWRTLJ2HX7JM5WB5YRZ7XU5Z2IWAGQ confirmed in round 12092011.
Chain to app: 13989906
Waiting for confirmation...
Transaction IN4TNSRSDVHAKGMYYVT3TPYEAA5JS37D4IVVGUJ6NRDU3YKBSZOA confirmed in round 12092013.
Created new app: 13989951
Waiting for confirmation...
Transaction A74RTBUOX737FR6QSAWY732YATXQSWAASJ4JK2EGUG36LMSY3PSQ confirmed in round 12092015.
Chain to app: 13989910
Waiting for confirmation...
Transaction VSCP7ANKGJ4PELBVZPCEQ7XGI2WL4O6TNQ5OE2PEV5CIRWZIZETQ confirmed in round 12092017.
Created new app: 13989953
Waiting for confirmation...
Transaction 5AQ2X3INANKQ6TXZTMBOPHCNWSGLVBYNQV346TXMLLFKMO7Q6TSQ confirmed in round 12092019.
Chain to app: 13989915
Waiting for confirmation...
Transaction 3L4K6PG5UZ33SEHCYIN7HBFQJCDPFGL6SG3W53EWHMYPEHI2RU6A confirmed in round 12092021.
Created new app: 13989955
Waiting for confirmation...
Transaction ISGW6JHFCAHNJ5QRJZBYKSZ4HR5ZMSTVC4JCFJPO5AJAOZOPHGOA confirmed in round 12092023.
Chain to app: 13989919
Waiting for confirmation...
Transaction 2X4KLZPNUR3BSJGTPP522YGTHM6F2AIJAVRUW4RYZLICSBCJC7NQ confirmed in round 12092025.
Created new app: 13989957
Waiting for confirmation...
Transaction AT4HTVHDIPVYVGZMPTXNLXIMRGNCOEMF37X7VVHXO2BSKP7CJRYQ confirmed in round 12092027.
Chain to app: 13989922
Waiting for confirmation...
Transaction V46DW23ZLPJU3CCTYH2HEVLJSMYR2I2SZJTPI4TTSSYZLFFEY7CA confirmed in round 12092029.
Created new app: 13989960
Waiting for confirmation...
Transaction VU2KO2ON7C5LSRNA3BOIWRTPQNRJ6NGPUA5P6ITIIG5KDAZ4OKDQ confirmed in round 12092031.
Chain to app: 13989927
Waiting for confirmation...
Transaction TJIKXWE2ROIJLNUJOT7BBFEN7RXYNOI4DXEHHNYKLBSV4WBYX7HA confirmed in round 12092033.
Created new app: 13989963
Waiting for confirmation...
Transaction QZYLKO2OU5AWU3OHNQ7H2Y3DDDAVNP7YJ63HEOGBC4QTGFVAFHBA confirmed in round 12092035.
Chain to app: 13989931
Waiting for confirmation...
Transaction L42H3TGF5XAKWJ6HVDXESQL2HH3HQ2YSGGPI563MHALGYVAKR42A confirmed in round 12092037.
Created new app: 13989966
Waiting for confirmation...
Transaction HEQIUXQQYMB3OBCZSZT45YOQEX6N4F6ZOXOJD6S3PDR2LAZSBOZA confirmed in round 12092039.
Chain to app: 13989935
Waiting for confirmation...
Transaction NC3IPWZ6Z7KYL42DYQ3JTIICVFVWJMFIINWJ6LMRYPVTAWO2YFPQ confirmed in round 12092041.
Created new app: 13989969
Waiting for confirmation...
Transaction PX2GVSRPL2XGQZWWAP5ZPQB77ZEOCFKPA6EGKRNJRI5ALYTCU7UA confirmed in round 12092043.
Chain to app: 13989939
Waiting for confirmation...
Transaction SNZ7TBSRVEFKNAKQ6VB237COS7D2FRWAQXNDPXEBLPTS2XKVIQFA confirmed in round 12092045.
Created new app: 13989972
Waiting for confirmation...
Transaction 67QGLWSRASHTGCU5O6ZMADZZR67YI6E4TMGNLQZZ7UHCHE3LSGXA confirmed in round 12092047.
Chain to app: 13989943
The advertiser logins into account QTOJLUCH5EXRWJWKHFCQ3TYRBTK5NCEUBL6DH36GTOSUKIUOU5N7W6IO2U
The advertiser account is included in Category1 category
Money transferring transaction MYBZSXUPPVDXCKN32JZATJIEB7ZM72UUTK32V5W54QA22II3I73A confirmed in round 12092049.
Waiting for confirmation...
Waiting for confirmation...
Transaction B57YROOR3EY7PLNZDUXJ67UB5STUNMQ2KLXLLS53YIWXQN25YKQA confirmed in round 12092051.
Opted-in and write to app: 13989906
Write to key index: key 01
The advertiser logins into account WP6A7PWGDSY3YWH2L6P3V3OUZQKPXHDXRSYLKKEOJB6FTPKL7JM5SRKXAM
The advertiser account is included in Category1 category
Money transferring transaction Z2CEE2EJX6HDVVCXLBXJDN4RQNUNYDJCJHGY2RMSZATET4SQ5JDA confirmed in round 12092054.
Waiting for confirmation...
Transaction UTRX7O3Y44CC3FRVN5C4IFP3HVG37JVOXVIUTX3SGP5AP3E2BJIA confirmed in round 12092056.
Opted-in and write to app: 13989906
Write to key index: key 02
The advertiser logins into account YHQ6UCZVWPKVPQ5EJKXYMNX5UURPZT2C3LOWTSV2533DQCXLFVGYWHDGCQ
The advertiser account is included in Category1 category
Money transferring transaction 43UHFIOOCKOUAECGFQ3WAWSLOBDD2TYITQKLAO7PSIKOHQ3C5APA confirmed in round 12092058.
Waiting for confirmation...
Transaction 3X2THDLKYKUGDDJ3JRGPLWPMTWCCFOBIQIR25NW4GWN2PKJ35TFA confirmed in round 12092060.
Opted-in and write to app: 13989906
Write to key index: key 03
The advertiser logins into account 6RCSB2X24ITBJ6AMD56O372TVPCJHJHSEOCNDBQPAUCAFBR35BRIOIW4ZU
The advertiser account is included in Category1 category
Money transferring transaction PKX75KY3ZVFGKI7ZYW4HSDHMLUSYO5I3SQ5VDWXHWCI2YCKJYXSQ confirmed in round 12092062.
Waiting for confirmation...
Transaction NINF5HXUHJ436Y3EZW4GZLY6Q3WFANQABTXAVWKPRJD3WJWHOAJQ confirmed in round 12092064.
Opted-in and write to app: 13989906
Write to key index: key 04
The advertiser logins into account GCLQWJCB2CJBPA3MOLORVL4773W7QLOUQXKPDWGICATESHM4C3TUFLFTZU
The advertiser account is included in Category1 category
Money transferring transaction P7PF5TBZQIYM4FO64ZQVI7ZL2GI3BXQQZPDPQLNE32APSBI34VIA confirmed in round 12092066.
Waiting for confirmation...
Transaction PHK5HUWFI7M4HPF3EV2VK7LFQWTJLEHLRNAHSTVKD4D3L3WBZ7TQ confirmed in round 12092068.
Opted-in and write to app: 13989906
Write to key index: key 05
The advertiser logins into account XARPN3PX6VP6ZOTQ6GYOYVXFTSYLGFHZ7NNJR6P7PYFRNLST23BFX7IMEY
The advertiser account is included in Category1 category
Money transferring transaction PP7FRCDXQVN4SGQUWXAFF3ZC6BNZDI5QTTBJGFVMYG6YVJFM3VOA confirmed in round 12092070.
Waiting for confirmation...
Transaction CF7VBLQWQM44VDV36MSHNJX3RHYJD2FPZQLG2VMCMCI66FUAYPAA confirmed in round 12092072.
Opted-in and write to app: 13989906
Write to key index: key 06
The advertiser logins into account 5ZIQ4TEEZKTD4TE5ASR2YV4YSTDIA27WD3QQX2YKDAMR5PTCHGKJ2MR3HU
The advertiser account is included in Category1 category
Money transferring transaction QV7UYOJN4EFBHXEJ5QCNRSOVMAQLUDXHUMAF637H3BV3SEZ2IQ4A confirmed in round 12092074.
Waiting for confirmation...
Transaction MVBLUFADRTJUYLU6TDYXXLMBYE5L3XNHRJS4RH5SLGTV64D2Q5KA confirmed in round 12092076.
Opted-in and write to app: 13989906
Write to key index: key 07
The advertiser logins into account GJPL6OYA4JYRKQIZESLOK5FWO52QYT5DQBWCXKOUNHRLBF77JL6PYSCLLI
The advertiser account is included in Category1 category
Money transferring transaction FUYYKW4GKK4QGWNHNTZXCADFGCPCH6AJT2GQ4IBNLCUKMICCZGAA confirmed in round 12092078.
Waiting for confirmation...
Transaction ZPCHTE2NWVYGM7DYJMMOXRBQWIVG334ZQHYP5D666CIJTPM52PRA confirmed in round 12092080.
Opted-in and write to app: 13989906
Write to key index: key 08
The advertiser logins into account F4PQINP3BVW7IKSWEBGSRKIO2HU4TJDWGD33KDOPGG4PA5YUOIITANDAXA
The advertiser account is included in Category1 category
Money transferring transaction PZFVSTBUCO54GXQYKK2KMBIROHU3STRFGWNDMOGHO6VKAZJJTUTQ confirmed in round 12092082.
Waiting for confirmation...
Transaction ZYMG5GSH6YKA5DRIVPDZB4S6CFVT5WHRAOQPZ72S2M2235UTNJBA confirmed in round 12092084.
Opted-in and write to app: 13989906
Write to key index: key 09
The advertiser logins into account IA3TVDXXV3NKGGEPMXGGMOK2UDM4ABEWOP2WW3OOJEAXWUFCUGLFKM4NY4
The advertiser account is included in Category1 category
Money transferring transaction QNHT3ZIB23SD7YBKEOLTQNVMFBSKZ7DDW5VJLTM45US4AZFYB47Q confirmed in round 12092086.
Waiting for confirmation...
Transaction WNYQE2NF2CCSO6Y3ZAK5RYLA7WJDNMOW7SILVVXYWV4M4N2KHSXA confirmed in round 12092088.
Opted-in and write to app: 13989906
Write to key index: key 10
The advertiser logins into account PURSYBBWLQXGNIOCFG3Z3YYBXA6A77GYEIP7IG64WMSXVTXEIVVSL3UFLE
The advertiser account is included in Category1 category
Money transferring transaction PRFXIVQVH4OHXD7LGXABNXCPNSX7XRFE7L67ULMZTONA7PXAGDFA confirmed in round 12092090.
Waiting for confirmation...
Transaction PJ2G6OC3OD4QYFSNIV7KMJNQDY3WAR2HS65D6UUCBLGLGTMBKSBQ confirmed in round 12092092.
Opted-in and write to app: 13989906
Write to key index: key 11
The advertiser logins into account 6FTWNCUYK4VI6OYHE7TTJ7PD6M5KYNBD2N7LDWXUE6POYUHKKEGEHBUVUU
The advertiser account is included in Category1 category
Money transferring transaction VBTXOM6WI2FBQ3Q5P7AI43TR4FRRFTAIQLQOTOZ4XYCUFCY6J3JQ confirmed in round 12092094.
Waiting for confirmation...
Transaction QKLW4GCQ5AYBKKWT4J7BC2LHJMOBEVXYFOKP4W7N6O5SZYCP6CIA confirmed in round 12092096.
Opted-in and write to app: 13989906
Write to key index: key 12
The advertiser logins into account FC4WD5HLM3UD5PAZTIUYOHOLUAO7TMWNCPMIDTDYERF5B7BM2VHUNQYFGM
The advertiser account is included in Category1 category
Money transferring transaction YT6YHIKCKK4WB23UAZLRXQ6FP2NJAXXOJU52X6W3YN6LQYXO4ZAA confirmed in round 12092098.
Waiting for confirmation...
Transaction RREYRYV4YXYXRXW4ML7DQY6HF4K6CKYU656UKYMVKAARHHU2MVGQ confirmed in round 12092100.
Write end app id of category Category1 to app: 13989903
Waiting for confirmation...
Transaction KTJV5OKSGHYZJTTYHS7IJZG76SBVNLLYRZPWZB2HMXR7AZIVJ3IQ confirmed in round 12092102.
Write hash of category Category1 to app: 13989948
Waiting for confirmation...
Transaction 4QPWKPDYYJOEAVFICDKJ7TD3IUR355KJHEQKSXEWZFBIJJ3AJHSA confirmed in round 12092104.
Opted-in and write to app: 13989948
Write to key index: key 01
The advertiser logins into account V5TS3FSZ2FVGXZ7WX2C7OD4GJ6REYOR7RWNSAFYPJB4ZTKQ5JSBMNGMLQQ
The advertiser account is included in Category1 category
Money transferring transaction N6SMKJ6XLBD2IRL5XUZK7NQ6TF4BJLTZAJLAREWWNNNNA4YO6KYA confirmed in round 12092106.
Waiting for confirmation...
Transaction WEKLP4Z2SGVCYKN4RTL2HBMBIFY22AKXJWHJCU4PHAABHTUN7FEQ confirmed in round 12092108.
Opted-in and write to app: 13989948
Write to key index: key 02
The advertiser logins into account GBSZZXD45IF2KDKM454N7XEXIZOJRNH7W6AW3KPPMFY54YLUK76YRYRJWY
The advertiser account is included in Category1 category
Money transferring transaction 3Y2FY366YOCTCTAY7E4JXLAAYJZRPWXFY2OQTXOVX7OS34F3TUNQ confirmed in round 12092110.
Waiting for confirmation...
Transaction AR6BNBMEQCOKPEOQTSQF27WRIL4IZJ3B5QH4MFGBLKUUVLVXWUFA confirmed in round 12092112.
Opted-in and write to app: 13989948
Write to key index: key 03
The advertiser logins into account POXRS7DBX425HFSEY3EIRG5QYEFMOGPQZGGZSY5FZDLIZAQCMRKC6I2KCM
The advertiser account is included in Category2 category
Money transferring transaction 3OYL5XWW3QBXUKLZ5JS3YHEINVEWUWZQNMDWIN37SW4CVJ6DPI7A confirmed in round 12092114.
Waiting for confirmation...
Transaction ZAUI5MGRHW6UMVANAURJGDQ7VF6Q4LUCYS3AFHWYWCQ7JSDRAZWQ confirmed in round 12092116.
Opted-in and write to app: 13989910
Write to key index: key 01
The advertiser logins into account VNVCBRSKRGIR6FRV6QU4TKEJBRUPNSCP3YPVL2SW4FXR24TBP7EXE6ZPA4
The advertiser account is included in Category2 category
Money transferring transaction F6DYWYHAUVZQ6OF3HH6NG2UBBBFK7EVHSBDSQQRYMDSI5ASJ4PYA confirmed in round 12092118.
Waiting for confirmation...
Transaction T3FZUWKYDBFNO2UHYT4SQZOP3IKQB7M4QBTOOCKL2O2VCMYJFPAQ confirmed in round 12092120.
Opted-in and write to app: 13989910
Write to key index: key 02
The advertiser logins into account 24S4ZL5TERLTHUEV57UN4KKPBBWMX6ESSISV2YUZ63MYHGWZKKTAGANXEA
The advertiser account is included in Category2 category
Money transferring transaction NUGYJEDXBSUCW7I7J2XM2KNLWBU2C4ZO27NZSOH65ZDAS6RGUCKA confirmed in round 12092122.
Waiting for confirmation...
Transaction YVONQTF7YYS3MK2K2NS5J3HPHVMC55GSSNMNOVYUTMRPJGYEMYCQ confirmed in round 12092124.
Opted-in and write to app: 13989910
Write to key index: key 03
The advertiser logins into account IG2NLRU2JL7OHO42ZOMSXEPRKB54CBFYLXUL6XZYNOFA5RKG3RVX4VTGIA
The advertiser account is included in Category2 category
Money transferring transaction QUKA23S7OAAOSA5W77B4BEQGPFF3NI3ALLK2LXVCGDMTK2JWFGMA confirmed in round 12092126.
Waiting for confirmation...
Transaction NIC777TNGIFRE64RI43SDDREOH3UD74EBKJEHQUXNSB6G6HTKKSQ confirmed in round 12092128.
Opted-in and write to app: 13989910
Write to key index: key 04
The advertiser logins into account JRK5I36UGBINXZIINL343OB4AQYM4RDRWLKSIW5UOU3O36HSRY7RZV3FSA
The advertiser account is included in Category2 category
Money transferring transaction EDAL6HPAFRGKJDHAQUGOBO6S7QECDQ2552ZPQTFUFR4HSM2AB2XQ confirmed in round 12092130.
Waiting for confirmation...
Transaction VPHVRHHSO4EXHQKQXZZ5IAGR3KSG3GOK3SKJKVRYJRNYUVW6IFSQ confirmed in round 12092132.
Opted-in and write to app: 13989910
Write to key index: key 05
The advertiser logins into account FW4OSORA2OFBE2X24A3LFZNT6BSHPEEWJS44A6P4TRTKQ4BSRG5LOLP3IU
The advertiser account is included in Category2 category
Money transferring transaction 3JJAYIGW6UEQTTC3YRCKAA4OPEBZEXQ2HY5NB7FG2XLSMZPATQSA confirmed in round 12092134.
Waiting for confirmation...
Transaction NREF233P5P56L3JQM3URLMHQQIWVIYIK3P3QWDAJEKM3YCE66L2A confirmed in round 12092136.
Opted-in and write to app: 13989910
Write to key index: key 06
The advertiser logins into account 2AZRDLO2Z47OYNANWMV6PRSN4KQKN3ONLBHIYRB6I6AN3Z7P2DAAWMKO7A
The advertiser account is included in Category2 category
Money transferring transaction XT7XS4GDKLUZK643IFE7DHBI3VRRPTLNZICRF23YVHSYNN5Q25LA confirmed in round 12092138.
Waiting for confirmation...
Transaction JQMHZPWKVTDLV6KG5LJU6HANE3NKYS4E6PYBQZ4ZDCUO5ZHJMWNA confirmed in round 12092140.
Opted-in and write to app: 13989910
Write to key index: key 07
The advertiser logins into account FZGLNI7KK4X5GXMGUJ6HFPGVRTTKKXQMFCXFFQ7BPREHNIMBZ7V6PX6DJE
The advertiser account is included in Category2 category
Money transferring transaction MDLALVEIOR6TZB73ETVTQR5IEOGUZCK44S6TR2LFJE2NRIGC4UOA confirmed in round 12092142.
Waiting for confirmation...
Transaction 63MT7VBCYFKPPESGDWXCEIC5P5GZKHHRYDUWN7DB3KB6OC47WGEA confirmed in round 12092144.
Opted-in and write to app: 13989910
Write to key index: key 08
The advertiser logins into account I5JALC5Z5FCQCWBHOUJS2EUXBULIGG465M6C5GAURG3LM5WVWFPOQWERXE
The advertiser account is included in Category2 category
Money transferring transaction 3IH5G2XENX4IRC6DDUVTCZUY3UV7SX4EOCEDKNMPMMJVM6P4ULMQ confirmed in round 12092146.
Waiting for confirmation...
Transaction 4PQIAXBEF5PB72MUUORODVAFPESYUVHYWFAZDOZLEA6VCPGLSGOQ confirmed in round 12092148.
Opted-in and write to app: 13989910
Write to key index: key 09
The advertiser logins into account 5FPU6AINJQKDGQEP3TI63J7SQKXVK5MIC2XX6YIX7XSP5R4M4QIYS6OSQM
The advertiser account is included in Category2 category
Money transferring transaction KLCUWN6FDZIAJTFSMSSLTTMFNUYIOTKG6OIZNQU53QEHWQODAH7Q confirmed in round 12092150.
Waiting for confirmation...
Transaction XADI7BTQHLRMYOMDY2ZZFTBPJO2FGJ6T4QDGAGSLNRPPPTLS6SPQ confirmed in round 12092152.
Opted-in and write to app: 13989910
Write to key index: key 10
The advertiser logins into account GTYUQUYM2VLYLRGD2KYEXSICMJAQTRACXNT5LNRD25P3N6DUG5TWOSKEOM
The advertiser account is included in Category2 category
Money transferring transaction DQCRHRCGE7GEKWHF6GLISP5BZTCMIHHPMJXKHMUGMEJYUT5VFETA confirmed in round 12092154.
Waiting for confirmation...
Transaction 4LZGWJYS27E6ZIFHH4EBN4VIKIBV2B56FCWJ7M2E3T5LHC2U4NYQ confirmed in round 12092156.
Opted-in and write to app: 13989910
Write to key index: key 11
The advertiser logins into account CQJPHOL3MTT3YWD6HMSDFKJKTO3QVINU3DOIF5DOK4XJPUYJ7CBNEWM3QE
The advertiser account is included in Category2 category
Money transferring transaction UZOEMUB2TMQ4WU42PMP3BCUSWSRNQEDLTWHT36UMB7ZNHPCJVY7Q confirmed in round 12092158.
Waiting for confirmation...
Transaction M3J5KY34H2AUU2VQ74EJFUAH4CV347UWCUO6IQZK7DOEQBZMPQ7A confirmed in round 12092160.
Opted-in and write to app: 13989910
Write to key index: key 12
The advertiser logins into account VEK77WQQ3FSQBTXUY2R3PDCIWDMIVLN4FGHZZ5YEW3WQWSF2C4ICDOLQ6Y
The advertiser account is included in Category2 category
Money transferring transaction DZV363QWZVLNWTCZN4XV6GNJCLAXXIFROEP2RNJUATZ56HW7Q3CQ confirmed in round 12092162.
Waiting for confirmation...
Transaction JT6XGE5HAZ6QRKYEBEX2P6DFFRT6PWQRQPTQCWXYRMWIRXEXOICA confirmed in round 12092164.
Write end app id of category Category2 to app: 13989903
Waiting for confirmation...
Transaction IYQ4VMUGZN3V6TSYXYQJMJ6WGM3IIXTFFYJ634H4HT2MDT4DQD4A confirmed in round 12092166.
Write hash of category Category2 to app: 13989951
Waiting for confirmation...
Transaction VZNLMYYJCCPYH3EXQOOIX2QJ5242NQC2N2CKCXR4SYNXBBOPK2SQ confirmed in round 12092168.
Opted-in and write to app: 13989951
Write to key index: key 01
The advertiser logins into account BSQI7ONSS36EBQHVNOJNKI7VXJ4U3WGQQE25KEU5WJ3JWCGW43MLHMNLMQ
The advertiser account is included in Category2 category
Money transferring transaction 75SLTUIO4ELUVL6CACP4XAX5ZZPJTKJFPZAJI3QEGP2PGO24GK5A confirmed in round 12092170.
Waiting for confirmation...
Transaction QUBLHO2NY43ITNQSQNL3ILUSK325MAWIDGUEXIEF4VE2O3POPLYA confirmed in round 12092172.
Opted-in and write to app: 13989951
Write to key index: key 02
The advertiser logins into account UOLFM6UUT3QPSI3E353SSS4YK6TZHJN5OVAH7OO2RFPDOGOZSEUI44U6LE
The advertiser account is included in Category2 category
Money transferring transaction RK74OHJD2FHHVB3PZV7PIYKP7KZ62CM7VIEDBM33TFUMRLL5QZPA confirmed in round 12092174.
Waiting for confirmation...
Transaction BAZROKNCHYGCMMNLX7TYBBYSU62HTKGMVZAOT5H2MROOVYAJ3Q5Q confirmed in round 12092176.
Opted-in and write to app: 13989951
Write to key index: key 03
The user logins into account 4HVCDUHIPXGV4MCOB7FMUUOY2P7URUI464PSNWWHEYNVJALDTNOBULM5OE
The advertiser logins into account U2VHSZL3LNGATL3IBCXFCPBTYSXYZBW2J4OGMPLTA4NA2CB4PR7AW7C77E
The advertiser logins into account A4DSWZKRE4GEQNJL7DRMWXANNWD7JSXNPIR4EVEUMGMOSZZZCDHZ4JPYTQ
Money transferring transaction ZWCEQM2GQX254J4HNAG3OXCQ7CJXKGZ7Q4GDO7PZ263VAPRATBMA confirmed in round 12092317.
Waiting for confirmation...
Transaction TITIH5SHQCDHROBCSJZACU2TPMRMOMDLZJCJ3WI7DF32OQ56VTTA confirmed in round 12092319.
Created new app: 13990074
