None
Category1
13989906Url: QTOJLUCH5EXRWJWKHFCQ3TYRBTK5NCEUBL6DH36GTOSUKIUOU5N7W6IO2U
Category1
13989906Url: WP6A7PWGDSY3YWH2L6P3V3OUZQKPXHDXRSYLKKEOJB6FTPKL7JM5SRKXAM
Category1
13989906Url: YHQ6UCZVWPKVPQ5EJKXYMNX5UURPZT2C3LOWTSV2533DQCXLFVGYWHDGCQ
Category1
13989906Url: 6RCSB2X24ITBJ6AMD56O372TVPCJHJHSEOCNDBQPAUCAFBR35BRIOIW4ZU
Category1
13989906Url: GCLQWJCB2CJBPA3MOLORVL4773W7QLOUQXKPDWGICATESHM4C3TUFLFTZU
Category1
13989906Url: XARPN3PX6VP6ZOTQ6GYOYVXFTSYLGFHZ7NNJR6P7PYFRNLST23BFX7IMEY
Category1
13989906Url: 5ZIQ4TEEZKTD4TE5ASR2YV4YSTDIA27WD3QQX2YKDAMR5PTCHGKJ2MR3HU
Category1
13989906Url: GJPL6OYA4JYRKQIZESLOK5FWO52QYT5DQBWCXKOUNHRLBF77JL6PYSCLLI
Category1
13989906Url: F4PQINP3BVW7IKSWEBGSRKIO2HU4TJDWGD33KDOPGG4PA5YUOIITANDAXA
Category1
13989906Url: IA3TVDXXV3NKGGEPMXGGMOK2UDM4ABEWOP2WW3OOJEAXWUFCUGLFKM4NY4
Category1
13989906Url: PURSYBBWLQXGNIOCFG3Z3YYBXA6A77GYEIP7IG64WMSXVTXEIVVSL3UFLE
Category1
13989906Url: 6FTWNCUYK4VI6OYHE7TTJ7PD6M5KYNBD2N7LDWXUE6POYUHKKEGEHBUVUU
Category1
13989948Url: FC4WD5HLM3UD5PAZTIUYOHOLUAO7TMWNCPMIDTDYERF5B7BM2VHUNQYFGM
Category1
13989948Url: V5TS3FSZ2FVGXZ7WX2C7OD4GJ6REYOR7RWNSAFYPJB4ZTKQ5JSBMNGMLQQ
Category1
13989948Url: GBSZZXD45IF2KDKM454N7XEXIZOJRNH7W6AW3KPPMFY54YLUK76YRYRJWY
Category2
13989910Url: POXRS7DBX425HFSEY3EIRG5QYEFMOGPQZGGZSY5FZDLIZAQCMRKC6I2KCM
Category2
13989910Url: VNVCBRSKRGIR6FRV6QU4TKEJBRUPNSCP3YPVL2SW4FXR24TBP7EXE6ZPA4
Category2
13989910Url: 24S4ZL5TERLTHUEV57UN4KKPBBWMX6ESSISV2YUZ63MYHGWZKKTAGANXEA
Category2
13989910Url: IG2NLRU2JL7OHO42ZOMSXEPRKB54CBFYLXUL6XZYNOFA5RKG3RVX4VTGIA
Category2
13989910Url: JRK5I36UGBINXZIINL343OB4AQYM4RDRWLKSIW5UOU3O36HSRY7RZV3FSA
Category2
13989910Url: FW4OSORA2OFBE2X24A3LFZNT6BSHPEEWJS44A6P4TRTKQ4BSRG5LOLP3IU
Category2
13989910Url: 2AZRDLO2Z47OYNANWMV6PRSN4KQKN3ONLBHIYRB6I6AN3Z7P2DAAWMKO7A
Category2
13989910Url: FZGLNI7KK4X5GXMGUJ6HFPGVRTTKKXQMFCXFFQ7BPREHNIMBZ7V6PX6DJE
Category2
13989910Url: I5JALC5Z5FCQCWBHOUJS2EUXBULIGG465M6C5GAURG3LM5WVWFPOQWERXE
Category2
13989910Url: 5FPU6AINJQKDGQEP3TI63J7SQKXVK5MIC2XX6YIX7XSP5R4M4QIYS6OSQM
Category2
13989910Url: GTYUQUYM2VLYLRGD2KYEXSICMJAQTRACXNT5LNRD25P3N6DUG5TWOSKEOM
Category2
13989910Url: CQJPHOL3MTT3YWD6HMSDFKJKTO3QVINU3DOIF5DOK4XJPUYJ7CBNEWM3QE
Category2
13989951Url: VEK77WQQ3FSQBTXUY2R3PDCIWDMIVLN4FGHZZ5YEW3WQWSF2C4ICDOLQ6Y
Category2
13989951Url: BSQI7ONSS36EBQHVNOJNKI7VXJ4U3WGQQE25KEU5WJ3JWCGW43MLHMNLMQ
Category2
13989951Url: UOLFM6UUT3QPSI3E353SSS4YK6TZHJN5OVAH7OO2RFPDOGOZSEUI44U6LE
